
> @uxin/projects@0.1.0 build /Users/acelin/Documents/Next/AIGC/uxin/packages/projects
> tsup

[34mCLI[39m Building entry: src/index.ts, src/lib/project-app.ts
[34mCLI[39m Using tsconfig: tsconfig.json
[34mCLI[39m tsup v8.5.1
[34mCLI[39m Using tsup config: /Users/acelin/Documents/Next/AIGC/uxin/packages/projects/tsup.config.ts
[34mCLI[39m Target: esnext
[34mCLI[39m Cleaning output folder
[34mCJS[39m Build start
[34mESM[39m Build start
[32mESM[39m [1mdist/lib/project-app.js     [22m[32m15.51 KB[39m
[32mESM[39m [1mdist/index.js               [22m[32m454.79 KB[39m
[32mESM[39m [1mdist/lib/project-app.js.map [22m[32m27.57 KB[39m
[32mESM[39m [1mdist/index.js.map           [22m[32m625.50 KB[39m
[32mESM[39m ⚡️ Build success in 334ms
[32mCJS[39m [1mdist/lib/project-app.cjs     [22m[32m16.54 KB[39m
[32mCJS[39m [1mdist/index.cjs               [22m[32m516.43 KB[39m
[32mCJS[39m [1mdist/lib/project-app.cjs.map [22m[32m27.61 KB[39m
[32mCJS[39m [1mdist/index.cjs.map           [22m[32m602.37 KB[39m
[32mCJS[39m ⚡️ Build success in 382ms
DTS Build start
DTS ⚡️ Build success in 19087ms
DTS dist/index.d.cts           12.18 KB
DTS dist/lib/project-app.d.cts 5.29 KB
DTS dist/index.d.ts            12.18 KB
DTS dist/lib/project-app.d.ts  5.29 KB
