
> @uxin/recruitment@0.1.0 build /Users/acelin/Documents/Next/AIGC/uxin/packages/recruitment
> tsup

[34mCLI[39m Building entry: src/index.ts
[34mCLI[39m Using tsconfig: tsconfig.json
[34mCLI[39m tsup v8.5.1
[34mCLI[39m Using tsup config: /Users/acelin/Documents/Next/AIGC/uxin/packages/recruitment/tsup.config.ts
[34mCLI[39m Target: es2020
[34mCLI[39m Cleaning output folder
[34mCJS[39m Build start
[34mESM[39m Build start
[32mESM[39m [1mdist/index.mjs     [22m[32m1.85 KB[39m
[32mESM[39m [1mdist/index.mjs.map [22m[32m4.72 KB[39m
[32mESM[39m ⚡️ Build success in 46ms
[32mCJS[39m [1mdist/index.js     [22m[32m2.38 KB[39m
[32mCJS[39m [1mdist/index.js.map [22m[32m4.95 KB[39m
[32mCJS[39m ⚡️ Build success in 46ms
DTS Build start
DTS ⚡️ Build success in 5309ms
DTS dist/index.d.ts  3.01 KB
DTS dist/index.d.mts 3.01 KB
