
> @uxin/ui@1.0.0 lint /Users/acelin/Documents/Next/AIGC/uxin/packages/ui
> eslint "src/**/*.{ts,tsx}"

=============

WARNING: You are currently running a version of TypeScript which is not officially supported by @typescript-eslint/typescript-estree.

You may find that it works just fine, or you may not.

SUPPORTED TYPESCRIPT VERSIONS: >=4.7.4 <5.6.0

YOUR TYPESCRIPT VERSION: 5.9.3

Please only submit bug reports when using the officially supported version.

=============
[0m[0m
[0m[4m/Users/acelin/Documents/Next/AIGC/uxin/packages/ui/src/components/LanguageSwitcher.tsx[24m[0m
[0m  [2m10:11[22m  [33mwarning[39m  'i18n' is assigned a value but never used  [2m@typescript-eslint/no-unused-vars[22m[0m
[0m[0m
[0m[4m/Users/acelin/Documents/Next/AIGC/uxin/packages/ui/src/components/admin/Sidebar.tsx[24m[0m
[0m  [2m6:57[22m  [33mwarning[39m  'Settings' is defined but never used     [2m@typescript-eslint/no-unused-vars[22m[0m
[0m  [2m6:67[22m  [33mwarning[39m  'CheckCircle' is defined but never used  [2m@typescript-eslint/no-unused-vars[22m[0m
[0m[0m
[0m[4m/Users/acelin/Documents/Next/AIGC/uxin/packages/ui/src/components/auth/AuthLayout.tsx[24m[0m
[0m  [2m19:3[22m  [33mwarning[39m  'subtitle' is defined but never used. Allowed unused args must match /^_/u  [2m@typescript-eslint/no-unused-vars[22m[0m
[0m[0m
[0m[4m/Users/acelin/Documents/Next/AIGC/uxin/packages/ui/src/components/skills-dialog.tsx[24m[0m
[0m  [2m16:3[22m  [33mwarning[39m  'Check' is defined but never used  [2m@typescript-eslint/no-unused-vars[22m[0m
[0m[0m
[0m[33m[1m✖ 5 problems (0 errors, 5 warnings)[22m[39m[0m
[0m[33m[1m[22m[39m[0m
